{
    "TransactionType": "",
    "TransID": "LHG31AA5TX",
    "TransTime": "20170816190243",
    "TransAmount": "200.00",
    "BusinessShortCode": "601426",
    "BillRefNumber": "account",
    "InvoiceNumber": "",
    "OrgAccountBalance": "",
    "ThirdPartyTransID": "",
    "MSISDN": "254708374149",
    "FirstName": "John",
    "MiddleName": "",
    "LastName": "Doe"
}{
    "TransactionType": "",
    "TransID": "LHG31AA5TX",
    "TransTime": "20200816190243",
    "TransAmount": "340.00",
    "BusinessShortCode": "601426",
    "BillRefNumber": "MVGE1XCRE3",
    "InvoiceNumber": "",
    "OrgAccountBalance": "",
    "ThirdPartyTransID": "",
    "MSISDN": "254708374149",
    "FirstName": "John",
    "MiddleName": "",
    "LastName": "Doe"
}