{"Body":{"stkCallback":{"MerchantRequestID":"12853-11952450-1","CheckoutRequestID":"ws_CO_260620201511533722","ResultCode":1037,
"ResultDesc":"DS timeout."}}}
{"Body":{"stkCallback":{"MerchantRequestID":"24139-12026355-1","CheckoutRequestID":
"ws_CO_260620201516405648","ResultCode":1032,"ResultDesc":"Request cancelled by user"}}}

{"Body":{"stkCallback":{"MerchantRequestID":"23225-12050461-1","CheckoutRequestID":"ws_CO_260620201516123380","ResultCode":0,
"ResultDesc":"The service request is processed successfully.","CallbackMetadata":{"Item":[{"Name":"Amount","Value":10.00},{"Name":"MpesaReceiptNumber","Value":"OFQ29HX75G"},{"Name":"Balance"},{"Name":"TransactionDate","Value":20200626151715},
{"Name":"PhoneNumber","Value":254705007984}]}}}}
{"Body":{"stkCallback":{"MerchantRequestID":"23225-12050461-1","CheckoutRequestID":"ws_CO_260620201516123380","ResultCode":0,
    "ResultDesc":"The service request is processed successfully.","CallbackMetadata":{"Item":[{"Name":"Amount","Value":10.00},{"Name":"MpesaReceiptNumber","Value":"OFQ29HX75G"},{"Name":"Balance"},{"Name":"TransactionDate","Value":20200626151715},
    {"Name":"PhoneNumber","Value":254705007984}]}}}}
    
    {"Body":{"stkCallback":{"MerchantRequestID":"23225-12050461-1","CheckoutRequestID":"ws_CO_260620201516123380","ResultCode":0,
    "ResultDesc":"The service request is processed successfully.","CallbackMetadata":{"Item":[{"Name":"Amount","Value":10.00},{"Name":"MpesaReceiptNumber","Value":"OFQ29HX75G"},{"Name":"Balance"},{"Name":"TransactionDate","Value":20200626151715},
    {"Name":"PhoneNumber","Value":254705007984}]}}}}
    
    {"Body":{"stkCallback":{"MerchantRequestID":"23225-12050461-1","CheckoutRequestID":"ws_CO_260620201516123380","ResultCode":0,
    "ResultDesc":"The service request is processed successfully.","CallbackMetadata":{"Item":[{"Name":"Amount","Value":10.00},{"Name":"MpesaReceiptNumber","Value":"OFQ29HX75G"},{"Name":"Balance"},{"Name":"TransactionDate","Value":20200626151715},
    {"Name":"PhoneNumber","Value":254705007984}]}}}}{"Body":{"stkCallback":{"MerchantRequestID":"23225-12050461-1","CheckoutRequestID":"ws_CO_260620201516123380","ResultCode":0,
    "ResultDesc":"The service request is processed successfully.","CallbackMetadata":{"Item":[{"Name":"Amount","Value":10.00},{"Name":"MpesaReceiptNumber","Value":"OFQ29HX75G"},{"Name":"Balance"},{"Name":"TransactionDate","Value":20200626151715},
    {"Name":"PhoneNumber","Value":254705007984}]}}}}{"Body":{"stkCallback":{"MerchantRequestID":"23225-12050461-1","CheckoutRequestID":"ws_CO_260620201516123380","ResultCode":0,
    "ResultDesc":"The service request is processed successfully.","CallbackMetadata":{"Item":[{"Name":"Amount","Value":10.00},{"Name":"MpesaReceiptNumber","Value":"OFQ29HX75G"},{"Name":"Balance"},{"Name":"TransactionDate","Value":20200626151715},
    {"Name":"PhoneNumber","Value":254705007984}]}}}}{"Body":{"stkCallback":{"MerchantRequestID":"23225-12050461-1","CheckoutRequestID":"ws_CO_260620201516123380","ResultCode":0,
    "ResultDesc":"The service request is processed successfully.","CallbackMetadata":{"Item":[{"Name":"Amount","Value":10.00},{"Name":"MpesaReceiptNumber","Value":"OFQ29HX75G"},{"Name":"Balance"},{"Name":"TransactionDate","Value":20200626151715},
    {"Name":"PhoneNumber","Value":254705007984}]}}}}{"Body":{"stkCallback":{"MerchantRequestID":"23225-12050461-1","CheckoutRequestID":"ws_CO_260620201516123380","ResultCode":0,
    "ResultDesc":"The service request is processed successfully.","CallbackMetadata":{"Item":[{"Name":"Amount","Value":10.00},{"Name":"MpesaReceiptNumber","Value":"OFQ29HX75G"},{"Name":"Balance"},{"Name":"TransactionDate","Value":20200626151715},
    {"Name":"PhoneNumber","Value":254705007984}]}}}}{"Body":{"stkCallback":{"MerchantRequestID":"23225-12050461-1","CheckoutRequestID":"ws_CO_260620201516123380","ResultCode":0,
    "ResultDesc":"The service request is processed successfully.","CallbackMetadata":{"Item":[{"Name":"Amount","Value":10.00},{"Name":"MpesaReceiptNumber","Value":"OFQ29HX75G"},{"Name":"Balance"},{"Name":"TransactionDate","Value":20200626151715},
    {"Name":"PhoneNumber","Value":254705007984}]}}}}{"Body":{"stkCallback":{"MerchantRequestID":"23225-12050461-1","CheckoutRequestID":"ws_CO_260620201516123380","ResultCode":0,
    "ResultDesc":"The service request is processed successfully.","CallbackMetadata":{"Item":[{"Name":"Amount","Value":10.00},{"Name":"MpesaReceiptNumber","Value":"OFQ29HX75G"},{"Name":"Balance"},{"Name":"TransactionDate","Value":20200626151715},
    {"Name":"PhoneNumber","Value":254705007984}]}}}}{"Body":{"stkCallback":{"MerchantRequestID":"23225-12050461-1","CheckoutRequestID":"ws_CO_260620201516123380","ResultCode":0,
    "ResultDesc":"The service request is processed successfully.","CallbackMetadata":{"Item":[{"Name":"Amount","Value":10.00},{"Name":"MpesaReceiptNumber","Value":"OFQ29HX75G"},{"Name":"Balance"},{"Name":"TransactionDate","Value":20200626151715},
    {"Name":"PhoneNumber","Value":254705007984}]}}}}{"Body":{"stkCallback":{"MerchantRequestID":"23225-12050461-1","CheckoutRequestID":"ws_CO_260620201516123380","ResultCode":0,
    "ResultDesc":"The service request is processed successfully.","CallbackMetadata":{"Item":[{"Name":"Amount","Value":10.00},{"Name":"MpesaReceiptNumber","Value":"OFQ29HX75G"},{"Name":"Balance"},{"Name":"TransactionDate","Value":20200626151715},
    {"Name":"PhoneNumber","Value":254705007984}]}}}}{"Body":{"stkCallback":{"MerchantRequestID":"23225-12050461-1","CheckoutRequestID":"ws_CO_260620201516123380","ResultCode":0,
    "ResultDesc":"The service request is processed successfully.","CallbackMetadata":{"Item":[{"Name":"Amount","Value":10.00},{"Name":"MpesaReceiptNumber","Value":"OFQ29HX75G"},{"Name":"Balance"},{"Name":"TransactionDate","Value":20200626151715},
    {"Name":"PhoneNumber","Value":254705007984}]}}}}{"Body":{"stkCallback":{"MerchantRequestID":"23225-12050461-1","CheckoutRequestID":"ws_CO_260620201516123380","ResultCode":0,
    "ResultDesc":"The service request is processed successfully.","CallbackMetadata":{"Item":[{"Name":"Amount","Value":10.00},{"Name":"MpesaReceiptNumber","Value":"OFQ29HX75G"},{"Name":"Balance"},{"Name":"TransactionDate","Value":20200626151715},
    {"Name":"PhoneNumber","Value":254705007984}]}}}}{"Body":{"stkCallback":{"MerchantRequestID":"23225-12050461-1","CheckoutRequestID":"ws_CO_260620201516123380","ResultCode":0,
    "ResultDesc":"The service request is processed successfully.","CallbackMetadata":{"Item":[{"Name":"Amount","Value":340.00},{"Name":"MpesaReceiptNumber","Value":"OFQ29HX75G"},{"Name":"Balance"},{"Name":"TransactionDate","Value":20200626151715},
    {"Name":"PhoneNumber","Value":254705007984}]}}}}{"Body":{"stkCallback":{"MerchantRequestID":"23225-12050461-1","CheckoutRequestID":"ws_CO_260620201516123380","ResultCode":0,
    "ResultDesc":"The service request is processed successfully.","CallbackMetadata":{"Item":[{"Name":"Amount","Value":340.00},{"Name":"MpesaReceiptNumber","Value":"OFQ29HX75G"},{"Name":"Balance"},{"Name":"TransactionDate","Value":20200626151715},
    {"Name":"PhoneNumber","Value":254705007984}]}}}}{"Body":{"stkCallback":{"MerchantRequestID":"23225-12050461-1","CheckoutRequestID":"ws_CO_260620201516123380","ResultCode":0,
    "ResultDesc":"The service request is processed successfully.","CallbackMetadata":{"Item":[{"Name":"Amount","Value":340.00},{"Name":"MpesaReceiptNumber","Value":"OFQ29HX75G"},{"Name":"Balance"},{"Name":"TransactionDate","Value":20200626151715},
    {"Name":"PhoneNumber","Value":254705007984}]}}}}{"Body":{"stkCallback":{"MerchantRequestID":"23225-12050461-1","CheckoutRequestID":"ws_CO_260620201516123380","ResultCode":0,
    "ResultDesc":"The service request is processed successfully.","CallbackMetadata":{"Item":[{"Name":"Amount","Value":340.00},{"Name":"MpesaReceiptNumber","Value":"OFQ29HX75G"},{"Name":"Balance"},{"Name":"TransactionDate","Value":20200626151715},
    {"Name":"PhoneNumber","Value":254705007984}]}}}}{"Body":{"stkCallback":{"MerchantRequestID":"23225-12050461-1","CheckoutRequestID":"ws_CO_260620201516123380","ResultCode":0,
    "ResultDesc":"The service request is processed successfully.","CallbackMetadata":{"Item":[{"Name":"Amount","Value":340.00},{"Name":"MpesaReceiptNumber","Value":"OFQ29HX75G"},{"Name":"Balance"},{"Name":"TransactionDate","Value":20200626151715},
    {"Name":"PhoneNumber","Value":254705007984}]}}}}{"Body":{"stkCallback":{"MerchantRequestID":"23225-12050461-1","CheckoutRequestID":"ws_CO_260620201516123380","ResultCode":0,
    "ResultDesc":"The service request is processed successfully.","CallbackMetadata":{"Item":[{"Name":"Amount","Value":340.00},{"Name":"MpesaReceiptNumber","Value":"OFQ29HX75G"},{"Name":"Balance"},{"Name":"TransactionDate","Value":20200626151715},
    {"Name":"PhoneNumber","Value":254705007984}]}}}}{"Body":{"stkCallback":{"MerchantRequestID":"23225-12050461-1","CheckoutRequestID":"ws_CO_260620201516123380","ResultCode":0,
    "ResultDesc":"The service request is processed successfully.","CallbackMetadata":{"Item":[{"Name":"Amount","Value":340.00},{"Name":"MpesaReceiptNumber","Value":"OFQ29HX75G"},{"Name":"Balance"},{"Name":"TransactionDate","Value":20200626151715},
    {"Name":"PhoneNumber","Value":254705007984}]}}}}{"Body":{"stkCallback":{"MerchantRequestID":"23225-12050461-1","CheckoutRequestID":"ws_CO_260620201516123380","ResultCode":0,
    "ResultDesc":"The service request is processed successfully.","CallbackMetadata":{"Item":[{"Name":"Amount","Value":340.00},{"Name":"MpesaReceiptNumber","Value":"OFQ29HX75G"},{"Name":"Balance"},{"Name":"TransactionDate","Value":20200626151715},
    {"Name":"PhoneNumber","Value":254705007984}]}}}}{"Body":{"stkCallback":{"MerchantRequestID":"23225-12050461-1","CheckoutRequestID":"ws_CO_260620201516123380","ResultCode":0,
    "ResultDesc":"The service request is processed successfully.","CallbackMetadata":{"Item":[{"Name":"Amount","Value":340.00},{"Name":"MpesaReceiptNumber","Value":"OFQ29HX75G"},{"Name":"Balance"},{"Name":"TransactionDate","Value":20200626151715},
    {"Name":"PhoneNumber","Value":254705007984}]}}}}{"Body":{"stkCallback":{"MerchantRequestID":"23225-12050461-1","CheckoutRequestID":"ws_CO_260620201516123380","ResultCode":0,
    "ResultDesc":"The service request is processed successfully.","CallbackMetadata":{"Item":[{"Name":"Amount","Value":340.00},{"Name":"MpesaReceiptNumber","Value":"OFQ29HX75G"},{"Name":"Balance"},{"Name":"TransactionDate","Value":20200626151715},
    {"Name":"PhoneNumber","Value":254705007984}]}}}}{"Body":{"stkCallback":{"MerchantRequestID":"23225-12050461-1","CheckoutRequestID":"ws_CO_260620201516123380","ResultCode":0,
    "ResultDesc":"The service request is processed successfully.","CallbackMetadata":{"Item":[{"Name":"Amount","Value":340.00},{"Name":"MpesaReceiptNumber","Value":"OFQ29HX75G"},{"Name":"Balance"},{"Name":"TransactionDate","Value":20200626151715},
    {"Name":"PhoneNumber","Value":254705007984}]}}}}{"Body":{"stkCallback":{"MerchantRequestID":"23225-12050461-1","CheckoutRequestID":"ws_CO_260620201516123380","ResultCode":0,
    "ResultDesc":"The service request is processed successfully.","CallbackMetadata":{"Item":[{"Name":"Amount","Value":340.00},{"Name":"MpesaReceiptNumber","Value":"OFQ29HX75G"},{"Name":"Balance"},{"Name":"TransactionDate","Value":20200626151715},
    {"Name":"PhoneNumber","Value":254705007984}]}}}}{"Body":{"stkCallback":{"MerchantRequestID":"23225-12050461-1","CheckoutRequestID":"ws_CO_260620201516123380","ResultCode":0,
    "ResultDesc":"The service request is processed successfully.","CallbackMetadata":{"Item":[{"Name":"Amount","Value":340.00},{"Name":"MpesaReceiptNumber","Value":"OFQ29HX75G"},{"Name":"Balance"},{"Name":"TransactionDate","Value":20200626151715},
    {"Name":"PhoneNumber","Value":254705007984}]}}}}{"Body":{"stkCallback":{"MerchantRequestID":"23225-12050461-1","CheckoutRequestID":"ws_CO_260620201516123380","ResultCode":0,
    "ResultDesc":"The service request is processed successfully.","CallbackMetadata":{"Item":[{"Name":"Amount","Value":340.00},{"Name":"MpesaReceiptNumber","Value":"OFQ29HX75G"},{"Name":"Balance"},{"Name":"TransactionDate","Value":20200626151715},
    {"Name":"PhoneNumber","Value":254705007984}]}}}}{"Body":{"stkCallback":{"MerchantRequestID":"23225-12050461-1","CheckoutRequestID":"ws_CO_260620201516123380","ResultCode":0,
    "ResultDesc":"The service request is processed successfully.","CallbackMetadata":{"Item":[{"Name":"Amount","Value":340.00},{"Name":"MpesaReceiptNumber","Value":"OFQ29HX75G"},{"Name":"Balance"},{"Name":"TransactionDate","Value":20200626151715},
    {"Name":"PhoneNumber","Value":254705007984}]}}}}{"Body":{"stkCallback":{"MerchantRequestID":"23225-12050461-1","CheckoutRequestID":"ws_CO_260620201516123380","ResultCode":0,
    "ResultDesc":"The service request is processed successfully.","CallbackMetadata":{"Item":[{"Name":"Amount","Value":340.00},{"Name":"MpesaReceiptNumber","Value":"OFQ29HX75G"},{"Name":"Balance"},{"Name":"TransactionDate","Value":20200626151715},
    {"Name":"PhoneNumber","Value":254705007984}]}}}}{"Body":{"stkCallback":{"MerchantRequestID":"23225-12050461-1","CheckoutRequestID":"ws_CO_260620201516123380","ResultCode":0,
    "ResultDesc":"The service request is processed successfully.","CallbackMetadata":{"Item":[{"Name":"Amount","Value":340.00},{"Name":"MpesaReceiptNumber","Value":"OFQ29HX75G"},{"Name":"Balance"},{"Name":"TransactionDate","Value":20200626151715},
    {"Name":"PhoneNumber","Value":254705007984}]}}}}{"Body":{"stkCallback":{"MerchantRequestID":"23225-12050461-1","CheckoutRequestID":"ws_CO_260620201516123380","ResultCode":0,
    "ResultDesc":"The service request is processed successfully.","CallbackMetadata":{"Item":[{"Name":"Amount","Value":340.00},{"Name":"MpesaReceiptNumber","Value":"OFQ29HX75G"},{"Name":"Balance"},{"Name":"TransactionDate","Value":20200626151715},
    {"Name":"PhoneNumber","Value":254705007984}]}}}}{"Body":{"stkCallback":{"MerchantRequestID":"23225-12050461-1","CheckoutRequestID":"ws_CO_260620201516123380","ResultCode":0,
    "ResultDesc":"The service request is processed successfully.","CallbackMetadata":{"Item":[{"Name":"Amount","Value":340.00},{"Name":"MpesaReceiptNumber","Value":"OFQ29HX75G"},{"Name":"Balance"},{"Name":"TransactionDate","Value":20200626151715},
    {"Name":"PhoneNumber","Value":254705007984}]}}}}{"Body":{"stkCallback":{"MerchantRequestID":"23225-12050461-1","CheckoutRequestID":"ws_CO_260620201516123380","ResultCode":0,
    "ResultDesc":"The service request is processed successfully.","CallbackMetadata":{"Item":[{"Name":"Amount","Value":340.00},{"Name":"MpesaReceiptNumber","Value":"OFQ29HX75G"},{"Name":"Balance"},{"Name":"TransactionDate","Value":20200626151715},
    {"Name":"PhoneNumber","Value":254705007984}]}}}}{"Body":{"stkCallback":{"MerchantRequestID":"23225-12050461-1","CheckoutRequestID":"ws_CO_260620201516123380","ResultCode":0,
    "ResultDesc":"The service request is processed successfully.","CallbackMetadata":{"Item":[{"Name":"Amount","Value":340.00},{"Name":"MpesaReceiptNumber","Value":"OFQ29HX75G"},{"Name":"Balance"},{"Name":"TransactionDate","Value":20200626151715},
    {"Name":"PhoneNumber","Value":254705007984}]}}}}{"Body":{"stkCallback":{"MerchantRequestID":"23225-12050461-1","CheckoutRequestID":"ws_CO_260620201516123380","ResultCode":0,
    "ResultDesc":"The service request is processed successfully.","CallbackMetadata":{"Item":[{"Name":"Amount","Value":340.00},{"Name":"MpesaReceiptNumber","Value":"OFQ29HX75G"},{"Name":"Balance"},{"Name":"TransactionDate","Value":20200626151715},
    {"Name":"PhoneNumber","Value":254705007984}]}}}}{"Body":{"stkCallback":{"MerchantRequestID":"9272-16323772-1","CheckoutRequestID":"ws_CO_221020202254031363","ResultCode":0,"ResultDesc":"The service request is processed successfully.","CallbackMetadata":{"Item":[{"Name":"Amount","Value":10.00},{"Name":"MpesaReceiptNumber","Value":"OJM1QWJ2BL"},{"Name":"Balance"},{"Name":"TransactionDate","Value":20201022224357},{"Name":"PhoneNumber","Value":254722463498}]}}}}{"Body":{"stkCallback":{"MerchantRequestID":"9273-17848662-1","CheckoutRequestID":"ws_CO_231020201651591107","ResultCode":0,"ResultDesc":"The service request is processed successfully.","CallbackMetadata":{"Item":[{"Name":"Amount","Value":10.00},{"Name":"MpesaReceiptNumber","Value":"OJN4RJWMYA"},{"Name":"TransactionDate","Value":20201023164138},{"Name":"PhoneNumber","Value":254721428276}]}}}}{"Body":{"stkCallback":{"MerchantRequestID":"11465-22521672-1","CheckoutRequestID":"ws_CO_231020201653100902","ResultCode":1031,"ResultDesc":"Request cancelled by user"}}}